TURN: 1
Player 0 Unit 1, Move (3, 1)
Player 0 Unit 2, Move (3, 1)
Player 0 Unit 3, Move (3, 1)
Player 0 Unit 8, Move (3, 1)
Player 0 Unit 9, Move (3, 1)
Player 0 Unit 10, Move (3, 1)
Player 1 Unit 1, Move (3, 6)
Player 1 Unit 2, Move (3, 6)
Player 1 Unit 3, Move (3, 6)
Player 1 Unit 8, Move (3, 6)
Player 1 Unit 9, Move (3, 6)
Player 1 Unit 10, Move (3, 6)
Player 0 Unit 1, Move (3, 2)
Player 0 Unit 2, Move (3, 2)
Player 0 Unit 3, Move (3, 2)
Player 0 Unit 8, Move (3, 2)
Player 0 Unit 9, Move (3, 2)
Player 0 Unit 10, Move (3, 2)
Player 1 Unit 1, Move (3, 6)
Player 1 Unit 2, Move (3, 6)
Player 1 Unit 3, Move (3, 6)
Player 1 Unit 8, Move (3, 6)
Player 1 Unit 9, Move (3, 6)
Player 1 Unit 10, Move (3, 6)
Player 0 Unit 1, Move (3, 3)
Player 0 Unit 2, Move (3, 3)
Player 0 Unit 3, Move (3, 3)
Player 0 Unit 8, Move (3, 3)
Player 0 Unit 9, Move (3, 3)
Player 0 Unit 10, Move (3, 3)
Player 1 Unit 1, Move (3, 6)
Player 1 Unit 2, Move (3, 6)
Player 1 Unit 3, Move (3, 6)
Player 1 Unit 8, Move (3, 6)
Player 1 Unit 9, Move (3, 6)
Player 1 Unit 10, Move (3, 6)
Combats : []
Player 0 cp: 0
Player 0 income: 20
Player 0 maintenance: 3
Player 0 cp: 17
Player 1 cp: 0
Player 1 income: 20
Player 1 maintenance: 3
Player 1 cp: 17
TURN: 2
Player 0 Unit 1, Move (3, 4)
Player 0 Unit 2, Move (3, 4)
Player 0 Unit 3, Move (3, 4)
Player 0 Unit 8, Move (3, 4)
Player 0 Unit 9, Move (3, 4)
Player 0 Unit 10, Move (3, 4)
Player 1 Unit 1, Move (3, 6)
Player 1 Unit 2, Move (3, 6)
Player 1 Unit 3, Move (3, 6)
Player 1 Unit 8, Move (4, 6)
Player 1 Unit 9, Move (3, 6)
Player 1 Unit 10, Move (4, 6)
Player 0 Unit 1, Move (3, 5)
Player 0 Unit 2, Move (3, 5)
Player 0 Unit 3, Move (3, 5)
Player 0 Unit 8, Move (3, 5)
Player 0 Unit 9, Move (3, 5)
Player 0 Unit 10, Move (3, 5)
Player 1 Unit 1, Move (3, 6)
Player 1 Unit 2, Move (3, 6)
Player 1 Unit 3, Move (3, 6)
Player 1 Unit 8, Move (5, 6)
Player 1 Unit 9, Move (3, 6)
Player 1 Unit 10, Move (5, 6)
Player 0 Unit 1, Move (3, 6)
Player 0 Unit 2, Move (3, 6)
Player 0 Unit 3, Move (3, 6)
Player 0 Unit 8, Move (3, 6)
Player 0 Unit 9, Move (3, 6)
Player 0 Unit 10, Move (3, 6)
Player 1 Unit 1, Move (3, 6)
Player 1 Unit 2, Move (3, 6)
Player 1 Unit 3, Move (3, 6)
Player 1 Unit 8, Move (6, 6)
Player 1 Unit 9, Move (3, 6)
Player 1 Unit 10, Move (6, 6)
Combats : [(3, 6)]
Combat Order: [(1, 'Shipyard'), (1, 'Shipyard'), (1, 'Shipyard'), (1, 'Shipyard'), (0, 'Scout'), (0, 'Scout'), (0, 'Scout'), (1, 'Scout'), (1, 'Scout'), (1, 'Scout'), (1, 'Colony')]
Attacker: Shipyard, Defender: Scout
Fight between Player 1 Unit 4 and Player 0 Unit 1
Dice Roll: 2
Hit Threshold: 3
Hit!
Attacker: Shipyard, Defender: Scout
Fight between Player 1 Unit 5 and Player 0 Unit 2
Dice Roll: 9
Hit Threshold: 3
Attacker: Shipyard, Defender: Scout
Fight between Player 1 Unit 6 and Player 0 Unit 2
Dice Roll: 8
Hit Threshold: 3
Attacker: Shipyard, Defender: Scout
Fight between Player 1 Unit 7 and Player 0 Unit 2
Dice Roll: 3
Hit Threshold: 3
Hit!
Attacker: Scout, Defender: Shipyard
Fight between Player 0 Unit 3 and Player 1 Unit 4
Dice Roll: 5
Hit Threshold: 3
Attacker: Scout, Defender: Scout
Fight between Player 1 Unit 1 and Player 0 Unit 3
Dice Roll: 5
Hit Threshold: 3
Attacker: Scout, Defender: Scout
Fight between Player 1 Unit 2 and Player 0 Unit 3
Dice Roll: 7
Hit Threshold: 3
Attacker: Scout, Defender: Scout
Fight between Player 1 Unit 3 and Player 0 Unit 3
Dice Roll: 8
Hit Threshold: 3
Attacker: Shipyard, Defender: Scout
Fight between Player 1 Unit 4 and Player 0 Unit 3
Dice Roll: 1
Hit Threshold: 3
Hit!
Player 0 cp: 17
Player 0 income: 20
Player 0 maintenance: 0
Player 0 cp: 37
Player 1 cp: 17
Player 1 income: 20
Player 1 maintenance: 3
Player 1 cp: 34
Player 1 upgraded: defense to level 1
TURN: 3
Player 1 Unit 1, Move (3, 6)
Player 1 Unit 2, Move (3, 6)
Player 1 Unit 3, Move (3, 6)
Player 1 Unit 8, Move (6, 5)
Player 1 Unit 10, Move (6, 5)
Player 1 Unit 1, Move (3, 6)
Player 1 Unit 2, Move (3, 6)
Player 1 Unit 3, Move (3, 6)
Player 1 Unit 8, Move (6, 4)
Player 1 Unit 10, Move (6, 4)
Player 1 Unit 1, Move (3, 6)
Player 1 Unit 2, Move (3, 6)
Player 1 Unit 3, Move (3, 6)
Player 1 Unit 8, Move (6, 3)
Player 1 Unit 10, Move (6, 3)
Combats : []
Player 0 cp: 37
Player 0 income: 20
Player 0 maintenance: 0
Player 0 cp: 57
Player 1 cp: 14
Player 1 income: 20
Player 1 maintenance: 3
Player 1 cp: 31
Player 1 bought: Scout
Player 1 bought: Scout
Player 1 bought: Scout
Player 1 bought: Scout
TURN: 4
Player 1 Unit 1, Move (3, 6)
Player 1 Unit 2, Move (3, 6)
Player 1 Unit 3, Move (3, 6)
Player 1 Unit 8, Move (6, 2)
Player 1 Unit 9, Move (6, 2)
Player 1 Unit 10, Move (3, 6)
Player 1 Unit 11, Move (3, 6)
Player 1 Unit 12, Move (3, 6)
Player 1 Unit 13, Move (3, 6)
Player 1 Unit 1, Move (3, 6)
Player 1 Unit 2, Move (3, 6)
Player 1 Unit 3, Move (3, 6)
Player 1 Unit 8, Move (6, 1)
Player 1 Unit 9, Move (6, 1)
Player 1 Unit 10, Move (3, 6)
Player 1 Unit 11, Move (3, 6)
Player 1 Unit 12, Move (3, 6)
Player 1 Unit 13, Move (3, 6)
Player 1 Unit 1, Move (3, 6)
Player 1 Unit 2, Move (3, 6)
Player 1 Unit 3, Move (3, 6)
Player 1 Unit 8, Move (6, 0)
Player 1 Unit 9, Move (6, 0)
Player 1 Unit 10, Move (3, 6)
Player 1 Unit 11, Move (3, 6)
Player 1 Unit 12, Move (3, 6)
Player 1 Unit 13, Move (3, 6)
Combats : []
Player 0 cp: 57
Player 0 income: 20
Player 0 maintenance: 0
Player 0 cp: 77
Player 1 cp: 7
Player 1 income: 20
Player 1 maintenance: 7
Player 1 cp: 20
Player 1 bought: Scout
Player 1 bought: Scout
Player 1 bought: Scout
TURN: 5
Player 1 Unit 1, Move (3, 6)
Player 1 Unit 2, Move (3, 6)
Player 1 Unit 3, Move (3, 6)
Player 1 Unit 8, Move (5, 0)
Player 1 Unit 9, Move (5, 0)
Player 1 Unit 10, Move (3, 6)
Player 1 Unit 11, Move (3, 6)
Player 1 Unit 12, Move (3, 6)
Player 1 Unit 13, Move (3, 6)
Player 1 Unit 14, Move (3, 6)
Player 1 Unit 15, Move (3, 6)
Player 1 Unit 16, Move (3, 6)
Player 1 Unit 1, Move (3, 6)
Player 1 Unit 2, Move (3, 6)
Player 1 Unit 3, Move (3, 6)
Player 1 Unit 8, Move (4, 0)
Player 1 Unit 9, Move (4, 0)
Player 1 Unit 10, Move (3, 6)
Player 1 Unit 11, Move (3, 6)
Player 1 Unit 12, Move (3, 6)
Player 1 Unit 13, Move (3, 6)
Player 1 Unit 14, Move (3, 6)
Player 1 Unit 15, Move (3, 6)
Player 1 Unit 16, Move (3, 6)
Player 1 Unit 1, Move (3, 6)
Player 1 Unit 2, Move (3, 6)
Player 1 Unit 3, Move (3, 6)
Player 1 Unit 8, Move (3, 0)
Player 1 Unit 9, Move (3, 0)
Player 1 Unit 10, Move (3, 6)
Player 1 Unit 11, Move (3, 6)
Player 1 Unit 12, Move (3, 6)
Player 1 Unit 13, Move (3, 6)
Player 1 Unit 14, Move (3, 6)
Player 1 Unit 15, Move (3, 6)
Player 1 Unit 16, Move (3, 6)
Combats : [(3, 0)]
Combat Order: [(0, 'Shipyard'), (0, 'Shipyard'), (0, 'Shipyard'), (0, 'Shipyard'), (0, 'Colony')]
Player 0 cp: 77
Player 0 income: 20
Player 0 maintenance: 0
Player 0 cp: 97
Player 1 cp: 2
Player 1 income: 20
Player 1 maintenance: 10
Player 1 cp: 12
Player 1 bought: Scout
Player 1 bought: Scout
TURN: 6
Player 1 Unit 1, Move (3, 6)
Player 1 Unit 2, Move (3, 6)
Player 1 Unit 3, Move (3, 6)
Player 1 Unit 8, Move (3, 6)
Player 1 Unit 9, Move (3, 6)
Player 1 Unit 10, Move (3, 6)
Player 1 Unit 11, Move (3, 6)
Player 1 Unit 12, Move (3, 6)
Player 1 Unit 13, Move (3, 6)
Player 1 Unit 14, Move (3, 6)
Player 1 Unit 15, Move (3, 6)
Player 1 Unit 16, Move (3, 6)
Player 1 Unit 1, Move (3, 6)
Player 1 Unit 2, Move (3, 6)
Player 1 Unit 3, Move (3, 6)
Player 1 Unit 8, Move (3, 6)
Player 1 Unit 9, Move (3, 6)
Player 1 Unit 10, Move (3, 6)
Player 1 Unit 11, Move (3, 6)
Player 1 Unit 12, Move (3, 6)
Player 1 Unit 13, Move (3, 6)
Player 1 Unit 14, Move (3, 6)
Player 1 Unit 15, Move (3, 6)
Player 1 Unit 16, Move (3, 6)
Player 1 Unit 1, Move (3, 6)
Player 1 Unit 2, Move (3, 6)
Player 1 Unit 3, Move (3, 6)
Player 1 Unit 8, Move (3, 6)
Player 1 Unit 9, Move (3, 6)
Player 1 Unit 10, Move (3, 6)
Player 1 Unit 11, Move (3, 6)
Player 1 Unit 12, Move (3, 6)
Player 1 Unit 13, Move (3, 6)
Player 1 Unit 14, Move (3, 6)
Player 1 Unit 15, Move (3, 6)
Player 1 Unit 16, Move (3, 6)
Combats : []
Player 0 cp: 97
Player 0 income: 20
Player 0 maintenance: 0
Player 0 cp: 117
Player 1 cp: 0
Player 1 income: 20
Player 1 maintenance: 12
Player 1 cp: 8
Player 1 bought: Scout
TURN: 7
Player 1 Unit 1, Move (3, 6)
Player 1 Unit 2, Move (3, 6)
Player 1 Unit 3, Move (3, 6)
Player 1 Unit 8, Move (3, 6)
Player 1 Unit 9, Move (3, 6)
Player 1 Unit 10, Move (3, 6)
Player 1 Unit 11, Move (3, 6)
Player 1 Unit 12, Move (3, 6)
Player 1 Unit 13, Move (3, 6)
Player 1 Unit 14, Move (3, 6)
Player 1 Unit 15, Move (3, 6)
Player 1 Unit 16, Move (3, 6)
Player 1 Unit 17, Move (3, 6)
Player 1 Unit 1, Move (3, 6)
Player 1 Unit 2, Move (3, 6)
Player 1 Unit 3, Move (3, 6)
Player 1 Unit 8, Move (3, 6)
Player 1 Unit 9, Move (3, 6)
Player 1 Unit 10, Move (3, 6)
Player 1 Unit 11, Move (3, 6)
Player 1 Unit 12, Move (3, 6)
Player 1 Unit 13, Move (3, 6)
Player 1 Unit 14, Move (3, 6)
Player 1 Unit 15, Move (3, 6)
Player 1 Unit 16, Move (3, 6)
Player 1 Unit 17, Move (3, 6)
Player 1 Unit 1, Move (3, 6)
Player 1 Unit 2, Move (3, 6)
Player 1 Unit 3, Move (3, 6)
Player 1 Unit 8, Move (3, 6)
Player 1 Unit 9, Move (3, 6)
Player 1 Unit 10, Move (3, 6)
Player 1 Unit 11, Move (3, 6)
Player 1 Unit 12, Move (3, 6)
Player 1 Unit 13, Move (3, 6)
Player 1 Unit 14, Move (3, 6)
Player 1 Unit 15, Move (3, 6)
Player 1 Unit 16, Move (3, 6)
Player 1 Unit 17, Move (3, 6)
Combats : []
Player 0 cp: 117
Player 0 income: 20
Player 0 maintenance: 0
Player 0 cp: 137
Player 1 cp: 2
Player 1 income: 20
Player 1 maintenance: 13
Player 1 cp: 9
Player 1 bought: Scout
TURN: 8
Player 1 Unit 1, Move (3, 6)
Player 1 Unit 2, Move (3, 6)
Player 1 Unit 3, Move (3, 6)
Player 1 Unit 8, Move (3, 6)
Player 1 Unit 9, Move (3, 6)
Player 1 Unit 10, Move (3, 6)
Player 1 Unit 11, Move (3, 6)
Player 1 Unit 12, Move (3, 6)
Player 1 Unit 13, Move (3, 6)
Player 1 Unit 14, Move (3, 6)
Player 1 Unit 15, Move (3, 6)
Player 1 Unit 16, Move (3, 6)
Player 1 Unit 17, Move (3, 6)
Player 1 Unit 18, Move (3, 6)
Player 1 Unit 1, Move (3, 6)
Player 1 Unit 2, Move (3, 6)
Player 1 Unit 3, Move (3, 6)
Player 1 Unit 8, Move (3, 6)
Player 1 Unit 9, Move (3, 6)
Player 1 Unit 10, Move (3, 6)
Player 1 Unit 11, Move (3, 6)
Player 1 Unit 12, Move (3, 6)
Player 1 Unit 13, Move (3, 6)
Player 1 Unit 14, Move (3, 6)
Player 1 Unit 15, Move (3, 6)
Player 1 Unit 16, Move (3, 6)
Player 1 Unit 17, Move (3, 6)
Player 1 Unit 18, Move (3, 6)
Player 1 Unit 1, Move (3, 6)
Player 1 Unit 2, Move (3, 6)
Player 1 Unit 3, Move (3, 6)
Player 1 Unit 8, Move (3, 6)
Player 1 Unit 9, Move (3, 6)
Player 1 Unit 10, Move (3, 6)
Player 1 Unit 11, Move (3, 6)
Player 1 Unit 12, Move (3, 6)
Player 1 Unit 13, Move (3, 6)
Player 1 Unit 14, Move (3, 6)
Player 1 Unit 15, Move (3, 6)
Player 1 Unit 16, Move (3, 6)
Player 1 Unit 17, Move (3, 6)
Player 1 Unit 18, Move (3, 6)
Combats : []
Player 0 cp: 137
Player 0 income: 20
Player 0 maintenance: 0
Player 0 cp: 157
Player 1 cp: 3
Player 1 income: 20
Player 1 maintenance: 14
Player 1 cp: 9
Player 1 bought: Scout
TURN: 9
Player 1 Unit 1, Move (3, 6)
Player 1 Unit 2, Move (3, 6)
Player 1 Unit 3, Move (3, 6)
Player 1 Unit 8, Move (3, 6)
Player 1 Unit 9, Move (3, 6)
Player 1 Unit 10, Move (3, 6)
Player 1 Unit 11, Move (3, 6)
Player 1 Unit 12, Move (3, 6)
Player 1 Unit 13, Move (3, 6)
Player 1 Unit 14, Move (3, 6)
Player 1 Unit 15, Move (3, 6)
Player 1 Unit 16, Move (3, 6)
Player 1 Unit 17, Move (3, 6)
Player 1 Unit 18, Move (3, 6)
Player 1 Unit 19, Move (3, 6)
Player 1 Unit 1, Move (3, 6)
Player 1 Unit 2, Move (3, 6)
Player 1 Unit 3, Move (3, 6)
Player 1 Unit 8, Move (3, 6)
Player 1 Unit 9, Move (3, 6)
Player 1 Unit 10, Move (3, 6)
Player 1 Unit 11, Move (3, 6)
Player 1 Unit 12, Move (3, 6)
Player 1 Unit 13, Move (3, 6)
Player 1 Unit 14, Move (3, 6)
Player 1 Unit 15, Move (3, 6)
Player 1 Unit 16, Move (3, 6)
Player 1 Unit 17, Move (3, 6)
Player 1 Unit 18, Move (3, 6)
Player 1 Unit 19, Move (3, 6)
Player 1 Unit 1, Move (3, 6)
Player 1 Unit 2, Move (3, 6)
Player 1 Unit 3, Move (3, 6)
Player 1 Unit 8, Move (3, 6)
Player 1 Unit 9, Move (3, 6)
Player 1 Unit 10, Move (3, 6)
Player 1 Unit 11, Move (3, 6)
Player 1 Unit 12, Move (3, 6)
Player 1 Unit 13, Move (3, 6)
Player 1 Unit 14, Move (3, 6)
Player 1 Unit 15, Move (3, 6)
Player 1 Unit 16, Move (3, 6)
Player 1 Unit 17, Move (3, 6)
Player 1 Unit 18, Move (3, 6)
Player 1 Unit 19, Move (3, 6)
Combats : []
Player 0 cp: 157
Player 0 income: 20
Player 0 maintenance: 0
Player 0 cp: 177
Player 1 cp: 3
Player 1 income: 20
Player 1 maintenance: 15
Player 1 cp: 8
Player 1 bought: Scout
TURN: 10
Player 1 Unit 1, Move (3, 6)
Player 1 Unit 2, Move (4, 6)
Player 1 Unit 3, Move (3, 6)
Player 1 Unit 8, Move (4, 6)
Player 1 Unit 9, Move (3, 6)
Player 1 Unit 10, Move (4, 6)
Player 1 Unit 11, Move (3, 6)
Player 1 Unit 12, Move (4, 6)
Player 1 Unit 13, Move (3, 6)
Player 1 Unit 14, Move (4, 6)
Player 1 Unit 15, Move (3, 6)
Player 1 Unit 16, Move (4, 6)
Player 1 Unit 17, Move (3, 6)
Player 1 Unit 18, Move (4, 6)
Player 1 Unit 19, Move (3, 6)
Player 1 Unit 20, Move (4, 6)
Player 1 Unit 1, Move (3, 6)
Player 1 Unit 2, Move (5, 6)
Player 1 Unit 3, Move (3, 6)
Player 1 Unit 8, Move (5, 6)
Player 1 Unit 9, Move (3, 6)
Player 1 Unit 10, Move (5, 6)
Player 1 Unit 11, Move (3, 6)
Player 1 Unit 12, Move (5, 6)
Player 1 Unit 13, Move (3, 6)
Player 1 Unit 14, Move (5, 6)
Player 1 Unit 15, Move (3, 6)
Player 1 Unit 16, Move (5, 6)
Player 1 Unit 17, Move (3, 6)
Player 1 Unit 18, Move (5, 6)
Player 1 Unit 19, Move (3, 6)
Player 1 Unit 20, Move (5, 6)
Player 1 Unit 1, Move (3, 6)
Player 1 Unit 2, Move (6, 6)
Player 1 Unit 3, Move (3, 6)
Player 1 Unit 8, Move (6, 6)
Player 1 Unit 9, Move (3, 6)
Player 1 Unit 10, Move (6, 6)
Player 1 Unit 11, Move (3, 6)
Player 1 Unit 12, Move (6, 6)
Player 1 Unit 13, Move (3, 6)
Player 1 Unit 14, Move (6, 6)
Player 1 Unit 15, Move (3, 6)
Player 1 Unit 16, Move (6, 6)
Player 1 Unit 17, Move (3, 6)
Player 1 Unit 18, Move (6, 6)
Player 1 Unit 19, Move (3, 6)
Player 1 Unit 20, Move (6, 6)
Combats : []
Player 0 cp: 177
Player 0 income: 20
Player 0 maintenance: 0
Player 0 cp: 197
Player 1 cp: 2
Player 1 income: 20
Player 1 maintenance: 16
Player 1 cp: 6
Player 1 bought: Scout
TURN: 11
Player 1 Unit 1, Move (3, 6)
Player 1 Unit 2, Move (6, 5)
Player 1 Unit 3, Move (3, 6)
Player 1 Unit 8, Move (6, 5)
Player 1 Unit 9, Move (3, 6)
Player 1 Unit 10, Move (6, 5)
Player 1 Unit 11, Move (3, 6)
Player 1 Unit 12, Move (6, 5)
Player 1 Unit 13, Move (3, 6)
Player 1 Unit 14, Move (6, 5)
Player 1 Unit 15, Move (3, 6)
Player 1 Unit 16, Move (6, 5)
Player 1 Unit 17, Move (3, 6)
Player 1 Unit 18, Move (6, 5)
Player 1 Unit 19, Move (3, 6)
Player 1 Unit 20, Move (6, 5)
Player 1 Unit 21, Move (3, 6)
Player 1 Unit 1, Move (3, 6)
Player 1 Unit 2, Move (6, 4)
Player 1 Unit 3, Move (3, 6)
Player 1 Unit 8, Move (6, 4)
Player 1 Unit 9, Move (3, 6)
Player 1 Unit 10, Move (6, 4)
Player 1 Unit 11, Move (3, 6)
Player 1 Unit 12, Move (6, 4)
Player 1 Unit 13, Move (3, 6)
Player 1 Unit 14, Move (6, 4)
Player 1 Unit 15, Move (3, 6)
Player 1 Unit 16, Move (6, 4)
Player 1 Unit 17, Move (3, 6)
Player 1 Unit 18, Move (6, 4)
Player 1 Unit 19, Move (3, 6)
Player 1 Unit 20, Move (6, 4)
Player 1 Unit 21, Move (3, 6)
Player 1 Unit 1, Move (3, 6)
Player 1 Unit 2, Move (6, 3)
Player 1 Unit 3, Move (3, 6)
Player 1 Unit 8, Move (6, 3)
Player 1 Unit 9, Move (3, 6)
Player 1 Unit 10, Move (6, 3)
Player 1 Unit 11, Move (3, 6)
Player 1 Unit 12, Move (6, 3)
Player 1 Unit 13, Move (3, 6)
Player 1 Unit 14, Move (6, 3)
Player 1 Unit 15, Move (3, 6)
Player 1 Unit 16, Move (6, 3)
Player 1 Unit 17, Move (3, 6)
Player 1 Unit 18, Move (6, 3)
Player 1 Unit 19, Move (3, 6)
Player 1 Unit 20, Move (6, 3)
Player 1 Unit 21, Move (3, 6)
Combats : []
Player 0 cp: 197
Player 0 income: 20
Player 0 maintenance: 0
Player 0 cp: 217
Player 1 cp: 0
Player 1 income: 20
Player 1 maintenance: 17
Player 1 cp: 3
TURN: 12
Player 1 Unit 1, Move (3, 6)
Player 1 Unit 2, Move (6, 2)
Player 1 Unit 3, Move (3, 6)
Player 1 Unit 8, Move (6, 2)
Player 1 Unit 9, Move (3, 6)
Player 1 Unit 10, Move (6, 2)
Player 1 Unit 11, Move (3, 6)
Player 1 Unit 12, Move (6, 2)
Player 1 Unit 13, Move (3, 6)
Player 1 Unit 14, Move (6, 2)
Player 1 Unit 15, Move (3, 6)
Player 1 Unit 16, Move (6, 2)
Player 1 Unit 17, Move (3, 6)
Player 1 Unit 18, Move (6, 2)
Player 1 Unit 19, Move (3, 6)
Player 1 Unit 20, Move (6, 2)
Player 1 Unit 21, Move (3, 6)
Player 1 Unit 1, Move (3, 6)
Player 1 Unit 2, Move (6, 1)
Player 1 Unit 3, Move (3, 6)
Player 1 Unit 8, Move (6, 1)
Player 1 Unit 9, Move (3, 6)
Player 1 Unit 10, Move (6, 1)
Player 1 Unit 11, Move (3, 6)
Player 1 Unit 12, Move (6, 1)
Player 1 Unit 13, Move (3, 6)
Player 1 Unit 14, Move (6, 1)
Player 1 Unit 15, Move (3, 6)
Player 1 Unit 16, Move (6, 1)
Player 1 Unit 17, Move (3, 6)
Player 1 Unit 18, Move (6, 1)
Player 1 Unit 19, Move (3, 6)
Player 1 Unit 20, Move (6, 1)
Player 1 Unit 21, Move (3, 6)
Player 1 Unit 1, Move (3, 6)
Player 1 Unit 2, Move (6, 0)
Player 1 Unit 3, Move (3, 6)
Player 1 Unit 8, Move (6, 0)
Player 1 Unit 9, Move (3, 6)
Player 1 Unit 10, Move (6, 0)
Player 1 Unit 11, Move (3, 6)
Player 1 Unit 12, Move (6, 0)
Player 1 Unit 13, Move (3, 6)
Player 1 Unit 14, Move (6, 0)
Player 1 Unit 15, Move (3, 6)
Player 1 Unit 16, Move (6, 0)
Player 1 Unit 17, Move (3, 6)
Player 1 Unit 18, Move (6, 0)
Player 1 Unit 19, Move (3, 6)
Player 1 Unit 20, Move (6, 0)
Player 1 Unit 21, Move (3, 6)
Combats : []
Player 0 cp: 217
Player 0 income: 20
Player 0 maintenance: 0
Player 0 cp: 237
Player 1 cp: 3
Player 1 income: 20
Player 1 maintenance: 17
Player 1 cp: 6
TURN: 13
Player 1 Unit 1, Move (3, 6)
Player 1 Unit 2, Move (5, 0)
Player 1 Unit 3, Move (3, 6)
Player 1 Unit 8, Move (5, 0)
Player 1 Unit 9, Move (3, 6)
Player 1 Unit 10, Move (5, 0)
Player 1 Unit 11, Move (3, 6)
Player 1 Unit 12, Move (5, 0)
Player 1 Unit 13, Move (3, 6)
Player 1 Unit 14, Move (5, 0)
Player 1 Unit 15, Move (3, 6)
Player 1 Unit 16, Move (5, 0)
Player 1 Unit 17, Move (3, 6)
Player 1 Unit 18, Move (5, 0)
Player 1 Unit 19, Move (3, 6)
Player 1 Unit 20, Move (5, 0)
Player 1 Unit 21, Move (3, 6)
Player 1 Unit 1, Move (3, 6)
Player 1 Unit 2, Move (4, 0)
Player 1 Unit 3, Move (3, 6)
Player 1 Unit 8, Move (4, 0)
Player 1 Unit 9, Move (3, 6)
Player 1 Unit 10, Move (4, 0)
Player 1 Unit 11, Move (3, 6)
Player 1 Unit 12, Move (4, 0)
Player 1 Unit 13, Move (3, 6)
Player 1 Unit 14, Move (4, 0)
Player 1 Unit 15, Move (3, 6)
Player 1 Unit 16, Move (4, 0)
Player 1 Unit 17, Move (3, 6)
Player 1 Unit 18, Move (4, 0)
Player 1 Unit 19, Move (3, 6)
Player 1 Unit 20, Move (4, 0)
Player 1 Unit 21, Move (3, 6)
Player 1 Unit 1, Move (3, 6)
Player 1 Unit 2, Move (3, 0)
Player 1 Unit 3, Move (3, 6)
Player 1 Unit 8, Move (3, 0)
Player 1 Unit 9, Move (3, 6)
Player 1 Unit 10, Move (3, 0)
Player 1 Unit 11, Move (3, 6)
Player 1 Unit 12, Move (3, 0)
Player 1 Unit 13, Move (3, 6)
Player 1 Unit 14, Move (3, 0)
Player 1 Unit 15, Move (3, 6)
Player 1 Unit 16, Move (3, 0)
Player 1 Unit 17, Move (3, 6)
Player 1 Unit 18, Move (3, 0)
Player 1 Unit 19, Move (3, 6)
Player 1 Unit 20, Move (3, 0)
Player 1 Unit 21, Move (3, 6)
Combats : [(3, 0)]
Combat Order: [(0, 'Shipyard'), (0, 'Shipyard'), (0, 'Shipyard'), (0, 'Shipyard'), (1, 'Scout'), (1, 'Scout'), (1, 'Scout'), (1, 'Scout'), (1, 'Scout'), (1, 'Scout'), (1, 'Scout'), (1, 'Scout'), (0, 'Colony')]
Attacker: Shipyard, Defender: Scout
Fight between Player 0 Unit 4 and Player 1 Unit 2
Dice Roll: 1
Hit Threshold: 3
Hit!
Attacker: Shipyard, Defender: Scout
Fight between Player 0 Unit 5 and Player 1 Unit 8
Dice Roll: 9
Hit Threshold: 2
Attacker: Shipyard, Defender: Scout
Fight between Player 0 Unit 6 and Player 1 Unit 8
Dice Roll: 5
Hit Threshold: 2
Attacker: Shipyard, Defender: Scout
Fight between Player 0 Unit 7 and Player 1 Unit 8
Dice Roll: 8
Hit Threshold: 2
Attacker: Scout, Defender: Shipyard
Fight between Player 1 Unit 8 and Player 0 Unit 4
Dice Roll: 1
Hit Threshold: 3
Hit!
Attacker: Scout, Defender: Shipyard
Fight between Player 1 Unit 10 and Player 0 Unit 5
Dice Roll: 5
Hit Threshold: 3
Attacker: Scout, Defender: Shipyard
Fight between Player 1 Unit 12 and Player 0 Unit 5
Dice Roll: 8
Hit Threshold: 3
Attacker: Scout, Defender: Shipyard
Fight between Player 1 Unit 14 and Player 0 Unit 5
Dice Roll: 3
Hit Threshold: 3
Hit!
Attacker: Scout, Defender: Shipyard
Fight between Player 1 Unit 16 and Player 0 Unit 6
Dice Roll: 10
Hit Threshold: 3
Attacker: Scout, Defender: Shipyard
Fight between Player 1 Unit 18 and Player 0 Unit 6
Dice Roll: 10
Hit Threshold: 3
Attacker: Scout, Defender: Shipyard
Fight between Player 1 Unit 20 and Player 0 Unit 6
Dice Roll: 1
Hit Threshold: 3
Hit!
Attacker: Shipyard, Defender: Scout
Fight between Player 0 Unit 7 and Player 1 Unit 8
Dice Roll: 1
Hit Threshold: 2
Hit!
Attacker: Scout, Defender: Shipyard
Fight between Player 1 Unit 10 and Player 0 Unit 7
Dice Roll: 6
Hit Threshold: 3
Attacker: Scout, Defender: Shipyard
Fight between Player 1 Unit 12 and Player 0 Unit 7
Dice Roll: 10
Hit Threshold: 3
Attacker: Scout, Defender: Shipyard
Fight between Player 1 Unit 14 and Player 0 Unit 7
Dice Roll: 4
Hit Threshold: 3
Attacker: Scout, Defender: Shipyard
Fight between Player 1 Unit 16 and Player 0 Unit 7
Dice Roll: 3
Hit Threshold: 3
Hit!
Attacker: Scout, Defender: Colony
Fight between Player 1 Unit 18 and Player 0 Unit 0
Dice Roll: 5
Hit Threshold: 3
Attacker: Scout, Defender: Colony
Fight between Player 1 Unit 20 and Player 0 Unit 0
Dice Roll: 1
Hit Threshold: 3
Hit!
Attacker: Scout, Defender: Colony
Fight between Player 1 Unit 10 and Player 0 Unit 0
Dice Roll: 3
Hit Threshold: 3
Hit!
Attacker: Scout, Defender: Colony
Fight between Player 1 Unit 12 and Player 0 Unit 0
Dice Roll: 5
Hit Threshold: 3
Attacker: Scout, Defender: Colony
Fight between Player 1 Unit 14 and Player 0 Unit 0
Dice Roll: 5
Hit Threshold: 3
Attacker: Scout, Defender: Colony
Fight between Player 1 Unit 16 and Player 0 Unit 0
Dice Roll: 3
Hit Threshold: 3
Hit!
Attacker: Scout, Defender: Colony
Fight between Player 1 Unit 18 and Player 0 Unit 0
Dice Roll: 3
Hit Threshold: 3
Hit!
Game Complete
